<?xml version="1.0" encoding="UTF-8"?>
<testsuite name="BallotTest" tests="1" skipped="0" failures="0" errors="0" timestamp="2023-06-06T18:37:58" hostname="Ashtons-MacBook-Pro-5.local" time="0.008">
  <properties/>
  <testcase name="getIndex()" classname="BallotTest" time="0.008"/>
  <system-out><![CDATA[]]></system-out>
  <system-err><![CDATA[]]></system-err>
</testsuite>
